e:\dae\year3\s4\prog 4\minigin\minigin\win32\release\elfgine.pch
e:\dae\year3\s4\prog 4\minigin\minigin\win32\release\elfgine.pdb
e:\dae\year3\s4\prog 4\minigin\minigin\win32\release\miniginpch.obj
e:\dae\year3\s4\prog 4\minigin\minigin\win32\release\scenemanager.obj
e:\dae\year3\s4\prog 4\minigin\minigin\win32\release\scene.obj
e:\dae\year3\s4\prog 4\minigin\minigin\win32\release\rigidbodycomponent.obj
e:\dae\year3\s4\prog 4\minigin\minigin\win32\release\resourcemanager.obj
e:\dae\year3\s4\prog 4\minigin\minigin\win32\release\renderer.obj
e:\dae\year3\s4\prog 4\minigin\minigin\win32\release\rendercomponent.obj
e:\dae\year3\s4\prog 4\minigin\minigin\win32\release\projectile.obj
e:\dae\year3\s4\prog 4\minigin\minigin\win32\release\player.obj
e:\dae\year3\s4\prog 4\minigin\minigin\win32\release\pickup.obj
e:\dae\year3\s4\prog 4\minigin\minigin\win32\release\observermanager.obj
e:\dae\year3\s4\prog 4\minigin\minigin\win32\release\elfgine.obj
e:\dae\year3\s4\prog 4\minigin\minigin\win32\release\inputmanager.obj
e:\dae\year3\s4\prog 4\minigin\minigin\win32\release\grid.obj
e:\dae\year3\s4\prog 4\minigin\minigin\win32\release\gameobject.obj
e:\dae\year3\s4\prog 4\minigin\minigin\win32\release\fpscounter.obj
e:\dae\year3\s4\prog 4\minigin\minigin\win32\release\enemy.obj
e:\dae\year3\s4\prog 4\minigin\minigin\win32\release\controlcomponent.obj
e:\dae\year3\s4\prog 4\minigin\minigin\win32\release\commandinputhandler.obj
e:\dae\year3\s4\prog 4\minigin\minigin\win32\release\collidercomponent.obj
e:\dae\year3\s4\prog 4\minigin\minigin\win32\release\basecomponent.obj
e:\dae\year3\s4\prog 4\minigin\minigin\win32\release\transformcomponent.obj
e:\dae\year3\s4\prog 4\minigin\minigin\win32\release\transform.obj
e:\dae\year3\s4\prog 4\minigin\minigin\win32\release\tileobject.obj
e:\dae\year3\s4\prog 4\minigin\minigin\win32\release\texture2d.obj
e:\dae\year3\s4\prog 4\minigin\minigin\win32\release\textobject.obj
e:\dae\year3\s4\prog 4\minigin\minigin\win32\release\spriteobject.obj
e:\dae\year3\s4\prog 4\minigin\win32\release\elfgine.lib
e:\dae\year3\s4\prog 4\minigin\minigin\win32\release\elfgine.tlog\cl.command.1.tlog
e:\dae\year3\s4\prog 4\minigin\minigin\win32\release\elfgine.tlog\cl.read.1.tlog
e:\dae\year3\s4\prog 4\minigin\minigin\win32\release\elfgine.tlog\cl.write.1.tlog
e:\dae\year3\s4\prog 4\minigin\minigin\win32\release\elfgine.tlog\lib-link.read.1.tlog
e:\dae\year3\s4\prog 4\minigin\minigin\win32\release\elfgine.tlog\lib-link.write.1.tlog
e:\dae\year3\s4\prog 4\minigin\minigin\win32\release\elfgine.tlog\lib.command.1.tlog
