e:\dae\year3\s4\prog 4\minigin\minigin\x64\debug\elfgine.pch
e:\dae\year3\s4\prog 4\minigin\minigin\x64\debug\vc142.pdb
e:\dae\year3\s4\prog 4\minigin\minigin\x64\debug\vc142.idb
e:\dae\year3\s4\prog 4\minigin\minigin\x64\debug\miniginpch.obj
e:\dae\year3\s4\prog 4\minigin\minigin\x64\debug\transformcomponent.obj
e:\dae\year3\s4\prog 4\minigin\minigin\x64\debug\transform.obj
e:\dae\year3\s4\prog 4\minigin\minigin\x64\debug\texture2d.obj
e:\dae\year3\s4\prog 4\minigin\minigin\x64\debug\textobject.obj
e:\dae\year3\s4\prog 4\minigin\minigin\x64\debug\scenemanager.obj
e:\dae\year3\s4\prog 4\minigin\minigin\x64\debug\scene.obj
e:\dae\year3\s4\prog 4\minigin\minigin\x64\debug\rigidbodycomponent.obj
e:\dae\year3\s4\prog 4\minigin\minigin\x64\debug\resourcemanager.obj
e:\dae\year3\s4\prog 4\minigin\minigin\x64\debug\renderer.obj
e:\dae\year3\s4\prog 4\minigin\minigin\x64\debug\rendercomponent.obj
e:\dae\year3\s4\prog 4\minigin\minigin\x64\debug\elfgine.obj
e:\dae\year3\s4\prog 4\minigin\minigin\x64\debug\main.obj
e:\dae\year3\s4\prog 4\minigin\minigin\x64\debug\inputmanager.obj
e:\dae\year3\s4\prog 4\minigin\minigin\x64\debug\gameobject.obj
e:\dae\year3\s4\prog 4\minigin\minigin\x64\debug\fpscounter.obj
e:\dae\year3\s4\prog 4\minigin\minigin\x64\debug\controlcomponent.obj
e:\dae\year3\s4\prog 4\minigin\minigin\x64\debug\commandinputhandler.obj
e:\dae\year3\s4\prog 4\minigin\minigin\x64\debug\command.obj
e:\dae\year3\s4\prog 4\minigin\minigin\x64\debug\collidercomponent.obj
e:\dae\year3\s4\prog 4\minigin\minigin\x64\debug\basecomponent.obj
e:\dae\year3\s4\prog 4\minigin\x64\debug\elfgine.lib
e:\dae\year3\s4\prog 4\minigin\x64\debug\elfgine.exp
e:\dae\year3\s4\prog 4\minigin\x64\debug\elfgine.ilk
e:\dae\year3\s4\prog 4\minigin\x64\debug\elfgine.exe
e:\dae\year3\s4\prog 4\minigin\x64\debug\elfgine.pdb
e:\dae\year3\s4\prog 4\minigin\minigin\x64\debug\minigin.pch
e:\dae\year3\s4\prog 4\minigin\minigin\x64\debug\elfgine.tlog\cl.command.1.tlog
e:\dae\year3\s4\prog 4\minigin\minigin\x64\debug\elfgine.tlog\cl.read.1.tlog
e:\dae\year3\s4\prog 4\minigin\minigin\x64\debug\elfgine.tlog\cl.write.1.tlog
e:\dae\year3\s4\prog 4\minigin\minigin\x64\debug\elfgine.tlog\elfgine.write.1u.tlog
e:\dae\year3\s4\prog 4\minigin\minigin\x64\debug\elfgine.tlog\link.command.1.tlog
e:\dae\year3\s4\prog 4\minigin\minigin\x64\debug\elfgine.tlog\link.read.1.tlog
e:\dae\year3\s4\prog 4\minigin\minigin\x64\debug\elfgine.tlog\link.write.1.tlog
