C:\Program Files (x86)\Microsoft Visual Studio\2019\Community\MSBuild\Microsoft\VC\v160\Microsoft.CppBuild.targets(459,5): warning MSB8028: The intermediate directory (x64\Debug\) contains files shared from another project (Minigin.vcxproj).  This can lead to incorrect clean and rebuild behavior.
  MiniginPCH.cpp
  BaseComponent.cpp
  ColliderComponent.cpp
  Command.cpp
  CommandInputHandler.cpp
  ControlComponent.cpp
  FPSCounter.cpp
  GameObject.cpp
  InputManager.cpp
  Main.cpp
  ELFgine.cpp
  RenderComponent.cpp
  Renderer.cpp
  ResourceManager.cpp
  RigidBodyComponent.cpp
  Scene.cpp
  SceneManager.cpp
  TextObject.cpp
  Texture2D.cpp
  Transform.cpp
  TransformComponent.cpp
  Generating Code...
     Creating library E:\DAE\Year3\S4\Prog 4\Minigin\x64\Debug\ELFgine.lib and object E:\DAE\Year3\S4\Prog 4\Minigin\x64\Debug\ELFgine.exp
  Minigin.vcxproj -> E:\DAE\Year3\S4\Prog 4\Minigin\x64\Debug\ELFgine.exe
  E:\DAE\Year3\S4\Prog 4\Minigin\3rdParty\SDL2\lib\x64\SDL2.dll
  1 File(s) copied
  E:\DAE\Year3\S4\Prog 4\Minigin\3rdParty\SDL2_image\lib\x64\libjpeg-9.dll
  E:\DAE\Year3\S4\Prog 4\Minigin\3rdParty\SDL2_image\lib\x64\libpng16-16.dll
  E:\DAE\Year3\S4\Prog 4\Minigin\3rdParty\SDL2_image\lib\x64\libtiff-5.dll
  E:\DAE\Year3\S4\Prog 4\Minigin\3rdParty\SDL2_image\lib\x64\libwebp-7.dll
  E:\DAE\Year3\S4\Prog 4\Minigin\3rdParty\SDL2_image\lib\x64\SDL2_image.dll
  E:\DAE\Year3\S4\Prog 4\Minigin\3rdParty\SDL2_image\lib\x64\zlib1.dll
  6 File(s) copied
  E:\DAE\Year3\S4\Prog 4\Minigin\3rdParty\SDL2_ttf\lib\x64\libfreetype-6.dll
  E:\DAE\Year3\S4\Prog 4\Minigin\3rdParty\SDL2_ttf\lib\x64\SDL2_ttf.dll
  2 File(s) copied
